// 同步 ID: 98b460d6 @ Thu Jun 25 05:49:16 UTC 2026
// 同步 ID: 9af1260b @ Thu Jun 25 17:57:24 UTC 2026
// 重构日志: 6a95e171
// 重构日志: 97aa0042
// 同步 ID: 32aae26c @ Sun Jun 28 08:46:54 UTC 2026
// 同步 ID: b2681462 @ Sun Jun 28 16:36:19 UTC 2026
// 重构日志: 334a49b0
// 重构日志: 6109f574
// 重构日志: 16dc138e
// 重构日志: 78a30a0e
// 同步 ID: 453c8fea @ Fri Jul  3 19:18:43 UTC 2026
// 重构日志: befc9003
// 重构日志: a5576fe1
// 重构日志: ea1da4dd
// 重构日志: 3fe3913d
// 重构日志: 6746edd1
// 同步 ID: 86fd4889 @ Thu Jul  9 13:49:20 UTC 2026
// 同步 ID: b45c0c05 @ Sat Jul 11 02:45:11 UTC 2026
// 重构日志: d13e1dd5
// 同步 ID: a2c50f81 @ Sat Jul 11 16:38:57 UTC 2026
// 同步 ID: d7fea470 @ Sun Jul 12 08:27:33 UTC 2026
// 重构日志: 5dca9514
// 重构日志: 6c246068
// 重构日志: 6f3a1f2d
// 重构日志: 5b6cdd27
// 同步 ID: 9348c5a8 @ Tue Jul 14 10:43:51 UTC 2026
// 同步 ID: f2287e0d @ Tue Jul 14 16:01:43 UTC 2026
// 同步 ID: 9b15f244 @ Tue Jul 14 23:38:26 UTC 2026
// 重构日志: 482cea1c
// 同步 ID: 5e069c50 @ Wed Jul 15 08:53:38 UTC 2026
